c:\users\butch\desktop\ou schoolwork\cs4900\main\modules\newmodule\cwin64\newmodule.dir\debug\glviewnewmodule.obj
c:\users\butch\desktop\ou schoolwork\cs4900\main\modules\newmodule\cwin64\newmodule.dir\debug\main.obj
c:\users\butch\desktop\ou schoolwork\cs4900\main\modules\newmodule\cwin64\newmodule.dir\debug\newmodulewaypoints.obj
c:\users\butch\desktop\ou schoolwork\cs4900\main\modules\newmodule\cwin64\newmodule.dir\debug\vc142.pdb
c:\users\butch\desktop\ou schoolwork\cs4900\main\modules\newmodule\cwin64\cmakefiles\generate.stamp
c:\users\butch\desktop\ou schoolwork\cs4900\main\modules\newmodule\cwin64\debug\newmodule.ilk
c:\users\butch\desktop\ou schoolwork\cs4900\main\modules\newmodule\cwin64\debug\newmodule.exe
c:\users\butch\desktop\ou schoolwork\cs4900\main\modules\newmodule\cwin64\debug\newmodule.pdb
c:\users\butch\desktop\ou schoolwork\cs4900\main\modules\newmodule\cwin64\debug\newmodule.lib
c:\users\butch\desktop\ou schoolwork\cs4900\main\modules\newmodule\cwin64\debug\newmodule.exp
c:\users\butch\desktop\ou schoolwork\cs4900\main\modules\newmodule\cwin64\newmodule.dir\debug\newmodule.tlog\cl.14256.write.1.tlog
c:\users\butch\desktop\ou schoolwork\cs4900\main\modules\newmodule\cwin64\newmodule.dir\debug\newmodule.tlog\cl.command.1.tlog
c:\users\butch\desktop\ou schoolwork\cs4900\main\modules\newmodule\cwin64\newmodule.dir\debug\newmodule.tlog\cl.read.1.tlog
c:\users\butch\desktop\ou schoolwork\cs4900\main\modules\newmodule\cwin64\newmodule.dir\debug\newmodule.tlog\custombuild.command.1.tlog
c:\users\butch\desktop\ou schoolwork\cs4900\main\modules\newmodule\cwin64\newmodule.dir\debug\newmodule.tlog\custombuild.read.1.tlog
c:\users\butch\desktop\ou schoolwork\cs4900\main\modules\newmodule\cwin64\newmodule.dir\debug\newmodule.tlog\custombuild.write.1.tlog
c:\users\butch\desktop\ou schoolwork\cs4900\main\modules\newmodule\cwin64\newmodule.dir\debug\newmodule.tlog\link.command.1.tlog
c:\users\butch\desktop\ou schoolwork\cs4900\main\modules\newmodule\cwin64\newmodule.dir\debug\newmodule.tlog\link.read.1.tlog
c:\users\butch\desktop\ou schoolwork\cs4900\main\modules\newmodule\cwin64\newmodule.dir\debug\newmodule.tlog\link.write.1.tlog
c:\users\butch\desktop\ou schoolwork\cs4900\main\modules\newmodule\cwin64\newmodule.dir\debug\newmodule.tlog\newmodule.write.1u.tlog
